TN:
SF:index.js
FN:1,plugin
FN:6,extendMarkdown
FN:17,attribution_parent_open_renderer
FN:26,attribution_parent_close_renderer
FN:33,loadOptions
FNF:5
FNH:5
FNDA:2,plugin
FNDA:2,extendMarkdown
FNDA:2,attribution_parent_open_renderer
FNDA:2,attribution_parent_close_renderer
FNDA:2,loadOptions
DA:1,1
DA:2,1
DA:3,1
DA:4,1
DA:5,1
DA:6,1
DA:7,2
DA:8,2
DA:9,2
DA:10,2
DA:11,2
DA:12,2
DA:13,2
DA:14,1
DA:15,1
DA:16,1
DA:17,2
DA:18,2
DA:19,2
DA:20,2
DA:21,2
DA:22,2
DA:23,2
DA:24,2
DA:25,1
DA:26,2
DA:27,2
DA:28,2
DA:29,2
DA:30,2
DA:31,2
DA:32,1
DA:33,2
DA:34,2
DA:35,2
DA:36,2
DA:37,2
DA:38,2
DA:39,1
DA:40,1
DA:41,1
DA:42,1
DA:43,1
DA:44,1
DA:45,1
DA:46,1
DA:47,1
DA:48,1
DA:49,1
LF:49
LH:49
BRDA:49,0,0,2
BRDA:1,1,0,2
BRDA:6,2,0,2
BRDA:17,3,0,2
BRDA:18,4,0,2
BRDA:26,5,0,2
BRDA:27,6,0,2
BRDA:33,7,0,2
BRDA:35,8,0,0
BRDA:36,9,0,1
BRDA:36,10,0,1
BRF:11
BRH:10
end_of_record
