TN:
SF:index.js
FN:1,plugin
FN:6,extendMarkdown
FN:17,figure_table_open_renderer
FN:25,figure_table_close_renderer
FN:32,loadOptions
FNF:5
FNH:5
FNDA:2,plugin
FNDA:2,extendMarkdown
FNDA:2,figure_table_open_renderer
FNDA:2,figure_table_close_renderer
FNDA:2,loadOptions
DA:1,1
DA:2,1
DA:3,1
DA:4,1
DA:5,1
DA:6,1
DA:7,2
DA:8,2
DA:9,2
DA:10,2
DA:11,2
DA:12,2
DA:13,2
DA:14,1
DA:15,1
DA:16,1
DA:17,2
DA:18,2
DA:19,2
DA:20,2
DA:21,2
DA:22,2
DA:23,2
DA:24,1
DA:25,2
DA:26,2
DA:27,2
DA:28,2
DA:29,2
DA:30,2
DA:31,1
DA:32,2
DA:33,2
DA:34,2
DA:35,2
DA:36,2
DA:37,2
DA:38,1
DA:39,1
DA:40,1
DA:41,1
DA:42,1
DA:43,1
DA:44,1
DA:45,1
DA:46,1
DA:47,1
DA:48,1
LF:48
LH:48
BRDA:48,0,0,2
BRDA:1,1,0,2
BRDA:6,2,0,2
BRDA:17,3,0,2
BRDA:18,4,0,2
BRDA:25,5,0,2
BRDA:26,6,0,2
BRDA:32,7,0,2
BRDA:34,8,0,0
BRDA:35,9,0,1
BRDA:35,10,0,1
BRF:11
BRH:10
end_of_record
