TN:
SF:index.js
FN:1,plugin
FN:11,extendMarkdown
FN:17,loadOptions
FNF:3
FNH:3
FNDA:4,plugin
FNDA:4,extendMarkdown
FNDA:4,loadOptions
DA:1,1
DA:2,1
DA:3,1
DA:4,1
DA:5,1
DA:6,1
DA:7,1
DA:8,1
DA:9,1
DA:10,1
DA:11,1
DA:12,4
DA:13,4
DA:14,1
DA:15,1
DA:16,1
DA:17,4
DA:18,4
DA:19,4
DA:20,4
DA:21,4
DA:22,4
DA:23,4
DA:24,4
DA:25,1
DA:26,1
DA:27,1
DA:28,1
DA:29,1
DA:30,1
DA:31,1
DA:32,1
DA:33,1
LF:33
LH:33
BRDA:33,0,0,4
BRDA:1,1,0,4
BRDA:11,2,0,4
BRDA:17,3,0,4
BRDA:19,4,0,0
BRDA:20,5,0,1
BRDA:20,6,0,3
BRDA:21,7,0,0
BRDA:22,8,0,0
BRF:9
BRH:6
end_of_record
