{"/home/alija/Git/github/studyathome-internationally/vuepress-plugins/packages/vuepress-plugin-figure-references/index.js": {"path":"/home/alija/Git/github/studyathome-internationally/vuepress-plugins/packages/vuepress-plugin-figure-references/index.js","statementMap":{"0":{"start":{"line":1,"column":0},"end":{"line":1,"column":34}},"1":{"start":{"line":2,"column":0},"end":{"line":2,"column":36}},"2":{"start":{"line":3,"column":0},"end":{"line":3,"column":32}},"3":{"start":{"line":4,"column":0},"end":{"line":4,"column":10}},"4":{"start":{"line":5,"column":0},"end":{"line":5,"column":46}},"5":{"start":{"line":6,"column":0},"end":{"line":6,"column":29}},"6":{"start":{"line":7,"column":0},"end":{"line":7,"column":69}},"7":{"start":{"line":8,"column":0},"end":{"line":8,"column":0}},"8":{"start":{"line":9,"column":0},"end":{"line":9,"column":29}},"9":{"start":{"line":10,"column":0},"end":{"line":10,"column":67}},"10":{"start":{"line":11,"column":0},"end":{"line":11,"column":69}},"11":{"start":{"line":12,"column":0},"end":{"line":12,"column":14}},"12":{"start":{"line":13,"column":0},"end":{"line":13,"column":61}},"13":{"start":{"line":14,"column":0},"end":{"line":14,"column":77}},"14":{"start":{"line":15,"column":0},"end":{"line":15,"column":7}},"15":{"start":{"line":16,"column":0},"end":{"line":16,"column":6}},"16":{"start":{"line":17,"column":0},"end":{"line":17,"column":4}},"17":{"start":{"line":18,"column":0},"end":{"line":18,"column":2}},"18":{"start":{"line":19,"column":0},"end":{"line":19,"column":0}},"19":{"start":{"line":20,"column":0},"end":{"line":20,"column":37}},"20":{"start":{"line":21,"column":0},"end":{"line":21,"column":47}},"21":{"start":{"line":22,"column":0},"end":{"line":22,"column":30}},"22":{"start":{"line":23,"column":0},"end":{"line":23,"column":35}},"23":{"start":{"line":24,"column":0},"end":{"line":24,"column":88}},"24":{"start":{"line":25,"column":0},"end":{"line":25,"column":4}},"25":{"start":{"line":26,"column":0},"end":{"line":26,"column":1}},"26":{"start":{"line":27,"column":0},"end":{"line":27,"column":0}},"27":{"start":{"line":28,"column":0},"end":{"line":28,"column":38}},"28":{"start":{"line":29,"column":0},"end":{"line":29,"column":47}},"29":{"start":{"line":30,"column":0},"end":{"line":30,"column":30}},"30":{"start":{"line":31,"column":0},"end":{"line":31,"column":50}},"31":{"start":{"line":32,"column":0},"end":{"line":32,"column":4}},"32":{"start":{"line":33,"column":0},"end":{"line":33,"column":1}},"33":{"start":{"line":34,"column":0},"end":{"line":34,"column":0}},"34":{"start":{"line":35,"column":0},"end":{"line":35,"column":41}},"35":{"start":{"line":36,"column":0},"end":{"line":36,"column":47}},"36":{"start":{"line":37,"column":0},"end":{"line":37,"column":30}},"37":{"start":{"line":38,"column":0},"end":{"line":38,"column":35}},"38":{"start":{"line":39,"column":0},"end":{"line":39,"column":86}},"39":{"start":{"line":40,"column":0},"end":{"line":40,"column":97}},"40":{"start":{"line":41,"column":0},"end":{"line":41,"column":4}},"41":{"start":{"line":42,"column":0},"end":{"line":42,"column":1}},"42":{"start":{"line":43,"column":0},"end":{"line":43,"column":0}},"43":{"start":{"line":44,"column":0},"end":{"line":44,"column":31}},"44":{"start":{"line":45,"column":0},"end":{"line":45,"column":16}},"45":{"start":{"line":46,"column":0},"end":{"line":46,"column":7}},"46":{"start":{"line":47,"column":0},"end":{"line":47,"column":88}},"47":{"start":{"line":48,"column":0},"end":{"line":48,"column":100}},"48":{"start":{"line":49,"column":0},"end":{"line":49,"column":7}},"49":{"start":{"line":50,"column":0},"end":{"line":50,"column":22}},"50":{"start":{"line":51,"column":0},"end":{"line":51,"column":1}},"51":{"start":{"line":52,"column":0},"end":{"line":52,"column":0}},"52":{"start":{"line":53,"column":0},"end":{"line":53,"column":19}},"53":{"start":{"line":54,"column":0},"end":{"line":54,"column":9}},"54":{"start":{"line":55,"column":0},"end":{"line":55,"column":17}},"55":{"start":{"line":56,"column":0},"end":{"line":56,"column":15}},"56":{"start":{"line":57,"column":0},"end":{"line":57,"column":21}},"57":{"start":{"line":58,"column":0},"end":{"line":58,"column":4}},"58":{"start":{"line":59,"column":0},"end":{"line":59,"column":14}},"59":{"start":{"line":60,"column":0},"end":{"line":60,"column":2}},"60":{"start":{"line":61,"column":0},"end":{"line":61,"column":0}},"61":{"start":{"line":62,"column":0},"end":{"line":62,"column":24}}},"s":{"0":1,"1":1,"2":1,"3":1,"4":1,"5":1,"6":2,"7":2,"8":2,"9":0,"10":0,"11":0,"12":0,"13":0,"14":0,"15":2,"16":1,"17":1,"18":1,"19":2,"20":2,"21":2,"22":2,"23":2,"24":2,"25":2,"26":1,"27":2,"28":2,"29":2,"30":2,"31":2,"32":2,"33":1,"34":0,"35":0,"36":0,"37":0,"38":0,"39":0,"40":0,"41":0,"42":1,"43":2,"44":2,"45":0,"46":0,"47":0,"48":0,"49":0,"50":2,"51":1,"52":1,"53":1,"54":1,"55":1,"56":1,"57":1,"58":1,"59":1,"60":1,"61":1},"branchMap":{"0":{"type":"branch","line":62,"loc":{"start":{"line":62,"column":24},"end":{"line":62,"column":24}},"locations":[{"start":{"line":62,"column":24},"end":{"line":62,"column":24}}]},"1":{"type":"branch","line":1,"loc":{"start":{"line":1,"column":15},"end":{"line":1,"column":6}},"locations":[{"start":{"line":1,"column":15},"end":{"line":1,"column":6}}]},"2":{"type":"branch","line":6,"loc":{"start":{"line":6,"column":21},"end":{"line":16,"column":6}},"locations":[{"start":{"line":6,"column":21},"end":{"line":16,"column":6}}]},"3":{"type":"branch","line":9,"loc":{"start":{"line":9,"column":6},"end":{"line":15,"column":7}},"locations":[{"start":{"line":9,"column":6},"end":{"line":15,"column":7}}]},"4":{"type":"branch","line":20,"loc":{"start":{"line":20,"column":0},"end":{"line":26,"column":1}},"locations":[{"start":{"line":20,"column":0},"end":{"line":26,"column":1}}]},"5":{"type":"branch","line":21,"loc":{"start":{"line":21,"column":9},"end":{"line":25,"column":4}},"locations":[{"start":{"line":21,"column":9},"end":{"line":25,"column":4}}]},"6":{"type":"branch","line":28,"loc":{"start":{"line":28,"column":0},"end":{"line":33,"column":1}},"locations":[{"start":{"line":28,"column":0},"end":{"line":33,"column":1}}]},"7":{"type":"branch","line":29,"loc":{"start":{"line":29,"column":9},"end":{"line":32,"column":4}},"locations":[{"start":{"line":29,"column":9},"end":{"line":32,"column":4}}]},"8":{"type":"branch","line":44,"loc":{"start":{"line":44,"column":0},"end":{"line":51,"column":1}},"locations":[{"start":{"line":44,"column":0},"end":{"line":51,"column":1}}]},"9":{"type":"branch","line":47,"loc":{"start":{"line":47,"column":54},"end":{"line":47,"column":84}},"locations":[{"start":{"line":47,"column":54},"end":{"line":47,"column":84}}]},"10":{"type":"branch","line":48,"loc":{"start":{"line":48,"column":60},"end":{"line":48,"column":96}},"locations":[{"start":{"line":48,"column":60},"end":{"line":48,"column":96}}]},"11":{"type":"branch","line":48,"loc":{"start":{"line":48,"column":60},"end":{"line":48,"column":100}},"locations":[{"start":{"line":48,"column":60},"end":{"line":48,"column":100}}]},"12":{"type":"branch","line":45,"loc":{"start":{"line":45,"column":16},"end":{"line":50,"column":22}},"locations":[{"start":{"line":45,"column":16},"end":{"line":50,"column":22}}]}},"b":{"0":[2],"1":[2],"2":[2],"3":[0],"4":[2],"5":[2],"6":[2],"7":[2],"8":[2],"9":[0],"10":[1],"11":[1],"12":[0]},"fnMap":{"0":{"name":"plugin","decl":{"start":{"line":1,"column":15},"end":{"line":1,"column":6}},"loc":{"start":{"line":1,"column":15},"end":{"line":1,"column":6}},"line":1},"1":{"name":"extendMarkdown","decl":{"start":{"line":6,"column":21},"end":{"line":16,"column":6}},"loc":{"start":{"line":6,"column":21},"end":{"line":16,"column":6}},"line":6},"2":{"name":"figure_open_renderer","decl":{"start":{"line":20,"column":0},"end":{"line":26,"column":1}},"loc":{"start":{"line":20,"column":0},"end":{"line":26,"column":1}},"line":20},"3":{"name":"figure_close_renderer","decl":{"start":{"line":28,"column":0},"end":{"line":33,"column":1}},"loc":{"start":{"line":28,"column":0},"end":{"line":33,"column":1}},"line":28},"4":{"name":"image_renderer","decl":{"start":{"line":35,"column":0},"end":{"line":42,"column":1}},"loc":{"start":{"line":35,"column":0},"end":{"line":42,"column":1}},"line":35},"5":{"name":"loadOptions","decl":{"start":{"line":44,"column":0},"end":{"line":51,"column":1}},"loc":{"start":{"line":44,"column":0},"end":{"line":51,"column":1}},"line":44}},"f":{"0":2,"1":2,"2":2,"3":2,"4":0,"5":2}}
}
