TN:
SF:index.js
FN:1,plugin
FN:6,extendMarkdown
FN:22,figure_image_open_renderer
FN:30,figure_image_close_renderer
FN:37,image_renderer
FN:46,loadOptions
FNF:6
FNH:6
FNDA:5,plugin
FNDA:5,extendMarkdown
FNDA:2,figure_image_open_renderer
FNDA:2,figure_image_close_renderer
FNDA:1,image_renderer
FNDA:5,loadOptions
DA:1,1
DA:2,1
DA:3,1
DA:4,1
DA:5,1
DA:6,1
DA:7,5
DA:8,5
DA:9,5
DA:10,3
DA:11,2
DA:12,2
DA:13,2
DA:14,2
DA:15,2
DA:16,2
DA:17,3
DA:18,5
DA:19,1
DA:20,1
DA:21,1
DA:22,2
DA:23,2
DA:24,2
DA:25,2
DA:26,2
DA:27,2
DA:28,2
DA:29,1
DA:30,2
DA:31,2
DA:32,2
DA:33,2
DA:34,2
DA:35,2
DA:36,1
DA:37,1
DA:38,1
DA:39,1
DA:40,1
DA:41,1
DA:42,1
DA:43,1
DA:44,1
DA:45,1
DA:46,5
DA:47,5
DA:48,5
DA:49,5
DA:50,5
DA:51,5
DA:52,1
DA:53,1
DA:54,1
DA:55,1
DA:56,1
DA:57,1
DA:58,1
DA:59,1
DA:60,1
DA:61,1
DA:62,1
LF:62
LH:62
BRDA:62,0,0,5
BRDA:1,1,0,5
BRDA:6,2,0,5
BRDA:9,3,0,3
BRDA:10,4,0,1
BRDA:10,5,0,1
BRDA:10,6,0,2
BRDA:22,7,0,2
BRDA:23,8,0,2
BRDA:30,9,0,2
BRDA:31,10,0,2
BRDA:37,11,0,1
BRDA:38,12,0,1
BRDA:46,13,0,5
BRDA:48,14,0,2
BRDA:48,15,0,3
BRDA:49,16,0,4
BRDA:49,17,0,1
BRF:18
BRH:18
end_of_record
