TN:
SF:index.js
FN:1,plugin
FN:6,extendMarkdown
FN:20,figure_image_open_renderer
FN:28,figure_image_close_renderer
FN:35,image_renderer
FN:44,loadOptions
FNF:6
FNH:5
FNDA:2,plugin
FNDA:2,extendMarkdown
FNDA:2,figure_image_open_renderer
FNDA:2,figure_image_close_renderer
FNDA:0,image_renderer
FNDA:2,loadOptions
DA:1,1
DA:2,1
DA:3,1
DA:4,1
DA:5,1
DA:6,1
DA:7,2
DA:8,2
DA:9,2
DA:10,0
DA:11,0
DA:12,0
DA:13,0
DA:14,0
DA:15,0
DA:16,2
DA:17,1
DA:18,1
DA:19,1
DA:20,2
DA:21,2
DA:22,2
DA:23,2
DA:24,2
DA:25,2
DA:26,2
DA:27,1
DA:28,2
DA:29,2
DA:30,2
DA:31,2
DA:32,2
DA:33,2
DA:34,1
DA:35,0
DA:36,0
DA:37,0
DA:38,0
DA:39,0
DA:40,0
DA:41,0
DA:42,0
DA:43,1
DA:44,2
DA:45,2
DA:46,2
DA:47,2
DA:48,2
DA:49,2
DA:50,1
DA:51,1
DA:52,1
DA:53,1
DA:54,1
DA:55,1
DA:56,1
DA:57,1
DA:58,1
DA:59,1
DA:60,1
LF:60
LH:46
BRDA:60,0,0,2
BRDA:1,1,0,2
BRDA:6,2,0,2
BRDA:9,3,0,0
BRDA:20,4,0,2
BRDA:21,5,0,2
BRDA:28,6,0,2
BRDA:29,7,0,2
BRDA:44,8,0,2
BRDA:46,9,0,0
BRDA:47,10,0,1
BRDA:47,11,0,1
BRF:12
BRH:10
end_of_record
